d:\terry\documents\bth\termin 3\dv1568 3d-programmering\uppgift3 - project\directx project - backup\directx project\x64\debug\graphicsmanager.obj
d:\terry\documents\bth\termin 3\dv1568 3d-programmering\uppgift3 - project\directx project - backup\directx project\x64\debug\particlebuffer.obj
d:\terry\documents\bth\termin 3\dv1568 3d-programmering\uppgift3 - project\directx project - backup\directx project\x64\debug\gameobject.obj
d:\terry\documents\bth\termin 3\dv1568 3d-programmering\uppgift3 - project\directx project - backup\directx project\x64\debug\imgui_tables.obj
d:\terry\documents\bth\termin 3\dv1568 3d-programmering\uppgift3 - project\directx project - backup\directx project\x64\debug\winmain.obj
d:\terry\documents\bth\termin 3\dv1568 3d-programmering\uppgift3 - project\directx project - backup\directx project\x64\debug\mesh.obj
d:\terry\documents\bth\termin 3\dv1568 3d-programmering\uppgift3 - project\directx project - backup\directx project\x64\debug\imgui_draw.obj
d:\terry\documents\bth\termin 3\dv1568 3d-programmering\uppgift3 - project\directx project - backup\directx project\x64\debug\shaders.obj
d:\terry\documents\bth\termin 3\dv1568 3d-programmering\uppgift3 - project\directx project - backup\directx project\x64\debug\quadtree.obj
d:\terry\documents\bth\termin 3\dv1568 3d-programmering\uppgift3 - project\directx project - backup\directx project\x64\debug\vertexbuffer.obj
d:\terry\documents\bth\termin 3\dv1568 3d-programmering\uppgift3 - project\directx project - backup\directx project\x64\debug\timer.obj
d:\terry\documents\bth\termin 3\dv1568 3d-programmering\uppgift3 - project\directx project - backup\directx project\x64\debug\keyboard.obj
d:\terry\documents\bth\termin 3\dv1568 3d-programmering\uppgift3 - project\directx project - backup\directx project\x64\debug\renderableobject.obj
d:\terry\documents\bth\termin 3\dv1568 3d-programmering\uppgift3 - project\directx project - backup\directx project\x64\debug\color.obj
d:\terry\documents\bth\termin 3\dv1568 3d-programmering\uppgift3 - project\directx project - backup\directx project\x64\debug\windowmanager.obj
d:\terry\documents\bth\termin 3\dv1568 3d-programmering\uppgift3 - project\directx project - backup\directx project\x64\debug\imgui.obj
d:\terry\documents\bth\termin 3\dv1568 3d-programmering\uppgift3 - project\directx project - backup\directx project\x64\debug\texture.obj
d:\terry\documents\bth\termin 3\dv1568 3d-programmering\uppgift3 - project\directx project - backup\directx project\x64\debug\mouse.obj
d:\terry\documents\bth\termin 3\dv1568 3d-programmering\uppgift3 - project\directx project - backup\directx project\x64\debug\imgui_impl_dx11.obj
d:\terry\documents\bth\termin 3\dv1568 3d-programmering\uppgift3 - project\directx project - backup\directx project\x64\debug\camera.obj
d:\terry\documents\bth\termin 3\dv1568 3d-programmering\uppgift3 - project\directx project - backup\directx project\x64\debug\indexbuffer.obj
d:\terry\documents\bth\termin 3\dv1568 3d-programmering\uppgift3 - project\directx project - backup\directx project\x64\debug\model.obj
d:\terry\documents\bth\termin 3\dv1568 3d-programmering\uppgift3 - project\directx project - backup\directx project\x64\debug\light.obj
d:\terry\documents\bth\termin 3\dv1568 3d-programmering\uppgift3 - project\directx project - backup\directx project\x64\debug\imgui_impl_win32.obj
d:\terry\documents\bth\termin 3\dv1568 3d-programmering\uppgift3 - project\directx project - backup\directx project\x64\debug\engine.obj
d:\terry\documents\bth\termin 3\dv1568 3d-programmering\uppgift3 - project\directx project - backup\directx project\x64\debug\imgui_widgets.obj
d:\terry\documents\bth\termin 3\dv1568 3d-programmering\uppgift3 - project\directx project - backup\directx project\x64\debug\vc143.pdb
d:\terry\documents\bth\termin 3\dv1568 3d-programmering\uppgift3 - project\directx project - backup\directx project\pixelshader_particle.cso
d:\terry\documents\bth\termin 3\dv1568 3d-programmering\uppgift3 - project\directx project - backup\directx project\vertexshader_particle.cso
d:\terry\documents\bth\termin 3\dv1568 3d-programmering\uppgift3 - project\directx project - backup\directx project\computeshader_particle.cso
d:\terry\documents\bth\termin 3\dv1568 3d-programmering\uppgift3 - project\directx project - backup\directx project\domainshader.cso
d:\terry\documents\bth\termin 3\dv1568 3d-programmering\uppgift3 - project\directx project - backup\directx project\hullshader.cso
d:\terry\documents\bth\termin 3\dv1568 3d-programmering\uppgift3 - project\directx project - backup\directx project\geometryshader_particle.cso
d:\terry\documents\bth\termin 3\dv1568 3d-programmering\uppgift3 - project\directx project - backup\directx project\pixelshader.cso
d:\terry\documents\bth\termin 3\dv1568 3d-programmering\uppgift3 - project\directx project - backup\directx project\pixelshader_nolight.cso
d:\terry\documents\bth\termin 3\dv1568 3d-programmering\uppgift3 - project\directx project - backup\directx project\vertexshader.cso
d:\terry\documents\bth\termin 3\dv1568 3d-programmering\uppgift3 - project\directx project - backup\x64\debug\directx project.exe
d:\terry\documents\bth\termin 3\dv1568 3d-programmering\uppgift3 - project\directx project - backup\x64\debug\directx project.pdb
d:\terry\documents\bth\termin 3\dv1568 3d-programmering\uppgift3 - project\directx project - backup\directx project\x64\debug\directx project.ilk
d:\terry\documents\bth\termin 3\dv1568 3d-programmering\uppgift3 - project\directx project - backup\directx project\x64\debug\vc143.idb
d:\terry\documents\bth\termin 3\dv1568 3d-programmering\uppgift3 - project\directx project - backup\directx project\x64\debug\directx project.tlog\cl.10900.write.1.tlog
d:\terry\documents\bth\termin 3\dv1568 3d-programmering\uppgift3 - project\directx project - backup\directx project\x64\debug\directx project.tlog\cl.command.1.tlog
d:\terry\documents\bth\termin 3\dv1568 3d-programmering\uppgift3 - project\directx project - backup\directx project\x64\debug\directx project.tlog\cl.items.tlog
d:\terry\documents\bth\termin 3\dv1568 3d-programmering\uppgift3 - project\directx project - backup\directx project\x64\debug\directx project.tlog\cl.read.1.tlog
d:\terry\documents\bth\termin 3\dv1568 3d-programmering\uppgift3 - project\directx project - backup\directx project\x64\debug\directx project.tlog\fxc.command.1.tlog
d:\terry\documents\bth\termin 3\dv1568 3d-programmering\uppgift3 - project\directx project - backup\directx project\x64\debug\directx project.tlog\fxc.read.1.tlog
d:\terry\documents\bth\termin 3\dv1568 3d-programmering\uppgift3 - project\directx project - backup\directx project\x64\debug\directx project.tlog\fxc.write.1.tlog
d:\terry\documents\bth\termin 3\dv1568 3d-programmering\uppgift3 - project\directx project - backup\directx project\x64\debug\directx project.tlog\link.command.1.tlog
d:\terry\documents\bth\termin 3\dv1568 3d-programmering\uppgift3 - project\directx project - backup\directx project\x64\debug\directx project.tlog\link.read.1.tlog
d:\terry\documents\bth\termin 3\dv1568 3d-programmering\uppgift3 - project\directx project - backup\directx project\x64\debug\directx project.tlog\link.secondary.1.tlog
d:\terry\documents\bth\termin 3\dv1568 3d-programmering\uppgift3 - project\directx project - backup\directx project\x64\debug\directx project.tlog\link.write.1.tlog
